2025-10-18 04:42:22,298 - INFO - å¼€å§‹çˆ¬å–ç½‘ç«™: https://index.zshipu.com/
2025-10-18 04:42:22,298 - INFO - æœ€å¤§æ·±åº¦: 3, æœ€å¤§é¡µé¢æ•°: 100
2025-10-18 04:42:22,298 - INFO - çˆ¬å–é¡µé¢ 1/3: https://index.zshipu.com/
2025-10-18 04:42:24,363 - INFO - çˆ¬å–é¡µé¢ 2/3: https://index.zshipu.com
2025-10-18 04:42:24,363 - INFO - çˆ¬å–é¡µé¢ 2/3: https://index.zshipu.com/ai/
2025-10-18 04:42:24,363 - INFO - çˆ¬å–é¡µé¢ 2/3: https://index.zshipu.com/ecg/
2025-10-18 04:42:26,970 - INFO - çˆ¬å–é¡µé¢ 3/3: https://index.zshipu.com/ai001
2025-10-18 04:42:26,971 - INFO - çˆ¬å–é¡µé¢ 3/3: https://index.zshipu.com
2025-10-18 04:42:26,972 - INFO - çˆ¬å–é¡µé¢ 3/3: https://index.zshipu.com/ai/archives/
2025-10-18 04:42:28,706 - INFO - çˆ¬å–é¡µé¢ 3/3: https://index.zshipu.com/ecg
2025-10-18 04:42:28,706 - INFO - çˆ¬å–é¡µé¢ 3/3: https://index.zshipu.com/ecg
2025-10-18 04:42:28,706 - INFO - çˆ¬å–é¡µé¢ 3/3: https://index.zshipu.com/ecg001
2025-10-18 04:42:29,224 - INFO - çˆ¬å–é¡µé¢ 3/3: https://index.zshipu.com/go/
2025-10-18 04:42:29,224 - INFO - çˆ¬å–é¡µé¢ 3/3: https://index.zshipu.com/gpt/
2025-10-18 04:42:29,225 - INFO - çˆ¬å–é¡µé¢ 3/3: https://index.zshipu.com/geek/
2025-10-18 04:42:41,616 - INFO - çˆ¬å–å®Œæˆï¼Œå…±çˆ¬å– 13 ä¸ªé¡µé¢
2025-10-18 04:42:41,616 - INFO - å‘ç° 0 ä¸ª broken links
2025-10-18 04:42:41,616 - INFO - å‘ç° 8 ä¸ªå¤–éƒ¨é“¾æ¥
2025-10-18 04:42:41,616 - INFO - æ­£åœ¨ç”ŸæˆSEOè¯Šæ–­æŠ¥å‘Š...
2025-10-18 04:42:43,653 - INFO - æŠ¥å‘Šç”Ÿæˆå®Œæˆ: seo_audit_report_20251018_044243.html
2025-10-18 04:42:43,653 - INFO - æ•°æ®æ–‡ä»¶ç”Ÿæˆå®Œæˆ: seo_audit_data_20251018_044243.json
2025-10-18 15:21:35,679 - INFO - ¿ªÊ¼ÅÀÈ¡ÍøÕ¾: https://index.zshipu.com/
2025-10-18 15:21:35,680 - INFO - ×î´óÉî¶È: 3, ×î´óÒ³ÃæÊı: 100
2025-10-18 15:21:35,680 - INFO - ÅÀÈ¡Ò³Ãæ 1/3: https://index.zshipu.com/
2025-10-18 15:21:52,062 - INFO - ÅÀÈ¡Ò³Ãæ 2/3: https://index.zshipu.com
2025-10-18 15:21:52,063 - INFO - ÅÀÈ¡Ò³Ãæ 2/3: https://index.zshipu.com/ai/
2025-10-18 15:21:52,063 - INFO - ÅÀÈ¡Ò³Ãæ 2/3: https://index.zshipu.com/ecg/
2025-10-18 15:21:56,681 - INFO - ÅÀÈ¡Ò³Ãæ 3/3: https://index.zshipu.com/ai001
2025-10-18 15:21:56,681 - INFO - ÅÀÈ¡Ò³Ãæ 3/3: https://index.zshipu.com
2025-10-18 15:21:56,682 - INFO - ÅÀÈ¡Ò³Ãæ 3/3: https://index.zshipu.com/ai/archives/
2025-10-18 15:21:56,753 - INFO - ÅÀÈ¡Ò³Ãæ 3/3: https://index.zshipu.com/ecg
2025-10-18 15:21:56,754 - INFO - ÅÀÈ¡Ò³Ãæ 3/3: https://index.zshipu.com/ecg
2025-10-18 15:21:56,755 - INFO - ÅÀÈ¡Ò³Ãæ 3/3: https://index.zshipu.com/ecg001
2025-10-18 15:21:56,809 - INFO - ÅÀÈ¡Ò³Ãæ 3/3: https://index.zshipu.com/go/
2025-10-18 15:21:56,809 - INFO - ÅÀÈ¡Ò³Ãæ 3/3: https://index.zshipu.com/gpt/
2025-10-18 15:21:56,809 - INFO - ÅÀÈ¡Ò³Ãæ 3/3: https://index.zshipu.com/geek/
2025-10-18 15:22:00,585 - ERROR - ÇëÇó´íÎó https://index.zshipu.com/geek/: HTTPSConnectionPool(host='index.zshipu.com', port=443): Max retries exceeded with url: /geek/ (Caused by SSLError(SSLEOFError(8, '[SSL: UNEXPECTED_EOF_WHILE_READING] EOF occurred in violation of protocol (_ssl.c:1018)')))
2025-10-18 15:22:04,982 - INFO - ÅÀÈ¡Íê³É£¬¹²ÅÀÈ¡ 12 ¸öÒ³Ãæ
2025-10-18 15:22:04,983 - INFO - ·¢ÏÖ 1 ¸ö broken links
2025-10-18 15:22:04,984 - INFO - ·¢ÏÖ 8 ¸öÍâ²¿Á´½Ó
2025-10-18 15:22:04,984 - INFO - ÕıÔÚÉú³ÉSEOÕï¶Ï±¨¸æ...
2025-10-18 15:22:09,770 - INFO - ±¨¸æÉú³ÉÍê³É: seo_audit_report_20251018_152209.html
2025-10-18 15:22:09,772 - INFO - Êı¾İÎÄ¼şÉú³ÉÍê³É: seo_audit_data_20251018_152209.json
2025-10-18 15:23:07,321 - INFO - ¿ªÊ¼ÅÀÈ¡ÍøÕ¾: https://www.csdn.net/
2025-10-18 15:23:07,322 - INFO - ×î´óÉî¶È: 3, ×î´óÒ³ÃæÊı: 100
2025-10-18 15:23:07,322 - INFO - ÅÀÈ¡Ò³Ãæ 1/3: https://www.csdn.net/
2025-10-18 15:23:10,353 - INFO - ÅÀÈ¡Ò³Ãæ 2/3: https://www.csdn.net
2025-10-18 15:23:10,354 - INFO - ÅÀÈ¡Ò³Ãæ 2/3: https://www.csdn.net/i/purchased_new
2025-10-18 15:23:10,355 - INFO - ÅÀÈ¡Ò³Ãæ 2/3: https://www.csdn.net/i/follow
2025-10-18 15:23:14,034 - INFO - ÅÀÈ¡Ò³Ãæ 3/3: https://www.csdn.net/i/collections
2025-10-18 15:23:14,034 - INFO - ÅÀÈ¡Ò³Ãæ 3/3: https://www.csdn.net/i/history
2025-10-18 15:23:14,034 - INFO - ÅÀÈ¡Ò³Ãæ 3/3: https://www.csdn.net/company/index.html
2025-10-18 15:23:19,336 - INFO - ÅÀÈ¡Íê³É£¬¹²ÅÀÈ¡ 7 ¸öÒ³Ãæ
2025-10-18 15:23:19,337 - INFO - ·¢ÏÖ 0 ¸ö broken links
2025-10-18 15:23:19,337 - INFO - ·¢ÏÖ 116 ¸öÍâ²¿Á´½Ó
2025-10-18 15:23:19,337 - INFO - ÕıÔÚÉú³ÉSEOÕï¶Ï±¨¸æ...
2025-10-18 15:23:22,038 - INFO - ±¨¸æÉú³ÉÍê³É: seo_audit_report_20251018_152322.html
2025-10-18 15:23:22,039 - INFO - Êı¾İÎÄ¼şÉú³ÉÍê³É: seo_audit_data_20251018_152322.json
